<?xml version="1.0" encoding="UTF-8"?>
<!-- Generated by org.testng.reporters.JUnitReportReporter -->
<testsuite hostname="LTIN485623" failures="0" tests="1" name="testClass.TC_001_HondaCars" time="35.295" errors="0" timestamp="2024-03-29T10:45:41 IST" skipped="0">
  <testcase classname="testClass.TC_001_HondaCars" name="checkPrice" time="35.295"/>
  <system-out/>
</testsuite> <!-- testClass.TC_001_HondaCars -->
